<?xml version="1.0" encoding="UTF-8"?>
<testng-results ignored="0" total="1" passed="1" failed="0" skipped="0">
  <reporter-output>
    <line>
      <![CDATA[Login Pageis displayed,pass]]>
    </line>
    <line>
      <![CDATA[Home Pageis displayed,pass]]>
    </line>
  </reporter-output>
  <suite started-at="2021-09-14T17:20:34 IST" name="Default suite" finished-at="2021-09-14T17:20:42 IST" duration-ms="8468">
    <groups>
    </groups>
    <test started-at="2021-09-14T17:20:34 IST" name="Default test" finished-at="2021-09-14T17:20:42 IST" duration-ms="8468">
      <class name="com.zhuka.purcchaseorder.CreatePurchaseTest">
        <test-method is-config="true" signature="openBrowser()[pri:0, instance:com.zhuka.purcchaseorder.CreatePurchaseTest@e350b40]" started-at="2021-09-14T17:20:34 IST" name="openBrowser" finished-at="2021-09-14T17:20:36 IST" duration-ms="2580" status="PASS">
          <reporter-output>
            <line>
              <![CDATA[Login Pageis displayed,pass]]>
            </line>
          </reporter-output>
        </test-method> <!-- openBrowser -->
        <test-method signature="purchase()[pri:0, instance:com.zhuka.purcchaseorder.CreatePurchaseTest@e350b40]" started-at="2021-09-14T17:20:36 IST" name="purchase" finished-at="2021-09-14T17:20:42 IST" duration-ms="5846" status="PASS">
          <reporter-output>
            <line>
              <![CDATA[Home Pageis displayed,pass]]>
            </line>
          </reporter-output>
        </test-method> <!-- purchase -->
      </class> <!-- com.zhuka.purcchaseorder.CreatePurchaseTest -->
    </test> <!-- Default test -->
  </suite> <!-- Default suite -->
</testng-results>
