<?xml version="1.0" encoding="UTF-8"?>
<!-- Generated by org.testng.reporters.JUnitXMLReporter -->
<testsuite ignored="0" hostname="DESKTOP-J2DF5TC" failures="0" tests="1" name="Test" time="0.065" errors="0" timestamp="2021-09-03T09:51:24 IST">
  <testcase classname="com.zhuka.genericLib.BaseTest" name="@BeforeClass openBrowser" time="0.009">
    <failure type="java.io.FileNotFoundException" message=".\data\config.properties (The system cannot find the path specified)">
      <![CDATA[java.io.FileNotFoundException: .\data\config.properties (The system cannot find the path specified)
at java.base/java.io.FileInputStream.open0(Native Method)
at java.base/java.io.FileInputStream.open(FileInputStream.java:211)
at java.base/java.io.FileInputStream.<init>(FileInputStream.java:153)
at java.base/java.io.FileInputStream.<init>(FileInputStream.java:108)
at com.zhuka.genericLib.FileLib.Readpropertydata(FileLib.java:21)
at com.zhuka.genericLib.BaseTest.openBrowser(BaseTest.java:16)
at java.base/java.util.ArrayList.forEach(ArrayList.java:1511)
... Removed 25 stack frames]]>
    </failure>
  </testcase> <!-- @BeforeClass openBrowser -->
  <testcase classname="com.zhuka.genericLib.BaseTest" name="@AfterClass closeBrowser" time="-1.630642884272E9">
    <skipped/>
  </testcase> <!-- @AfterClass closeBrowser -->
  <testcase classname="com.zhuka.purcchaseorder.CreatePurchaseTest" name="purchase" time="0.0">
    <skipped/>
  </testcase> <!-- purchase -->
</testsuite> <!-- Test -->
